<?xml version="1.0" encoding="UTF-8"?>
<!-- Generated by org.testng.reporters.JUnitReportReporter -->
<testsuite skipped="0" hostname="Dell" name="com.crm.testcases.LoginPageTest" tests="3" failures="0" timestamp="07 Apr 2018 10:35:37 GMT" time="29.916" errors="0">
  <testcase name="loginPageTitleTest" time="7.268" classname="com.crm.testcases.LoginPageTest"/>
  <testcase name="loginPageFreeCRMLogoTest" time="7.983" classname="com.crm.testcases.LoginPageTest"/>
  <testcase name="doLoginTest" time="14.665" classname="com.crm.testcases.LoginPageTest"/>
</testsuite> <!-- com.crm.testcases.LoginPageTest -->
