<?xml version="1.0" encoding="UTF-8"?>
<!-- Generated by org.testng.reporters.JUnitReportReporter -->
<testsuite skipped="0" hostname="Dell" name="com.crm.testdata.TestCRM" tests="1" failures="0" timestamp="06 Apr 2018 17:21:54 GMT" time="19.339" errors="0">
  <testcase name="runTest" time="19.339" classname="com.crm.testdata.TestCRM"/>
</testsuite> <!-- com.crm.testdata.TestCRM -->
