<?xml version="1.0" encoding="UTF-8"?>
<!-- Generated by org.testng.reporters.JUnitReportReporter -->
<testsuite skipped="0" hostname="Dell" name="com.crm.testdata.LoginPageTest" tests="3" failures="0" timestamp="06 Apr 2018 17:53:42 GMT" time="33.460" errors="0">
  <testcase name="loginPageTitleTest" time="9.485" classname="com.crm.testdata.LoginPageTest"/>
  <testcase name="loginPageFreeCRMLogoTest" time="7.732" classname="com.crm.testdata.LoginPageTest"/>
  <testcase name="doLoginTest" time="16.243" classname="com.crm.testdata.LoginPageTest"/>
</testsuite> <!-- com.crm.testdata.LoginPageTest -->
