<?xml version="1.0" encoding="UTF-8"?>
<!-- Generated by org.testng.reporters.JUnitReportReporter -->
<testsuite skipped="0" hostname="Dell" name="com.crm.testdata.HomePageTest" tests="4" failures="0" timestamp="06 Apr 2018 18:37:18 GMT" time="74.080" errors="0">
  <testcase name="homePageTitleTest" time="19.403" classname="com.crm.testdata.HomePageTest"/>
  <testcase name="loggedInUserNameTest" time="20.351" classname="com.crm.testdata.HomePageTest"/>
  <testcase name="clickOnDealsTest" time="18.997" classname="com.crm.testdata.HomePageTest"/>
  <testcase name="clickOnContactsTest" time="15.329" classname="com.crm.testdata.HomePageTest"/>
</testsuite> <!-- com.crm.testdata.HomePageTest -->
