<?xml version="1.0" encoding="UTF-8"?>
<!-- Generated by org.testng.reporters.JUnitReportReporter -->
<testsuite skipped="0" hostname="Dell" name="com.crm.testcases.HomePageTest" tests="4" failures="0" timestamp="07 Apr 2018 10:35:37 GMT" time="59.851" errors="0">
  <testcase name="homePageTitleTest" time="15.499" classname="com.crm.testcases.HomePageTest"/>
  <testcase name="loggedInUserNameTest" time="15.539" classname="com.crm.testcases.HomePageTest"/>
  <testcase name="clickOnDealsTest" time="15.969" classname="com.crm.testcases.HomePageTest"/>
  <testcase name="clickOnContactsTest" time="12.844" classname="com.crm.testcases.HomePageTest"/>
</testsuite> <!-- com.crm.testcases.HomePageTest -->
