<?xml version="1.0" encoding="UTF-8"?>
<!-- Generated by org.testng.reporters.JUnitReportReporter -->
<testsuite skipped="3" hostname="Dell" name="com.crm.testcases.ContactsPageTest" tests="3" failures="0" timestamp="07 Apr 2018 15:33:46 GMT" time="0.000" errors="0">
  <testcase name="clickOnNewContactTest" time="0.000" classname="com.crm.testcases.ContactsPageTest">
    <skipped/>
  </testcase> <!-- clickOnNewContactTest -->
  <testcase name="isDisplayedContactsPageContactLabelTest" classname="com.crm.testcases.ContactsPageTest">
    <skipped/>
  </testcase> <!-- isDisplayedContactsPageContactLabelTest -->
  <testcase name="selectContactsByNameTest" classname="com.crm.testcases.ContactsPageTest">
    <skipped/>
  </testcase> <!-- selectContactsByNameTest -->
</testsuite> <!-- com.crm.testcases.ContactsPageTest -->
